[05Mar2025 00:00:32.335] [Server thread/INFO] [net.minecraft.server.MinecraftServer/]: UniFoxyR liquified to Fanta juice
[05Mar2025 00:00:33.806] [Worker-Main-3/ERROR] [net.minecraft.world.entity.decoration.HangingEntity/]: Hanging entity at invalid position: BlockPos{x=186, y=-6, z=458}
[05Mar2025 00:00:33.806] [Worker-Main-3/ERROR] [net.minecraft.world.entity.decoration.HangingEntity/]: Hanging entity at invalid position: BlockPos{x=182, y=-6, z=460}
[05Mar2025 00:00:33.807] [Worker-Main-3/ERROR] [net.minecraft.world.entity.decoration.HangingEntity/]: Hanging entity at invalid position: BlockPos{x=180, y=-6, z=458}
[05Mar2025 00:00:55.821] [Worker-Main-3/INFO] [com.teampotato.redirector.Redirector/]: Redirecting net/minecraft/world/entity/animal/Panda$Gene
[05Mar2025 00:02:22.036] [Server thread/INFO] [net.minecraft.server.MinecraftServer/]: UniFoxyR was slain by Shuwii
[05Mar2025 00:02:27.146] [Worker-Main-2/ERROR] [net.minecraft.world.level.levelgen.structure.pools.JigsawPlacement/]: No starting jigsaw minecraft:bottom found in start pool minecraft:village/savanna/town_centers
[05Mar2025 00:03:16.955] [Server thread/INFO] [com.github.sculkhorde.core.SculkHorde/]: Saving 0 events.
[05Mar2025 00:03:16.955] [Server thread/INFO] [com.github.sculkhorde.core.SculkHorde/]: Saved 0 events. Took 0 Milliseconds.
[05Mar2025 00:05:34.387] [Server thread/INFO] [net.minecraft.server.MinecraftServer/]: Wachinango has made the advancement [Call For Adventure]
[05Mar2025 00:06:54.932] [Server thread/INFO] [net.minecraft.server.MinecraftServer/]: Shuwii has made the advancement [Sweet Dreams]
[05Mar2025 00:07:42.108] [Server thread/ERROR] [placebo/]: Failed to locate any gear sets matching the following predicates: 
[05Mar2025 00:07:42.108] [Server thread/ERROR] [placebo/]: SetPredicate[#irons_spellbooks]
[05Mar2025 00:08:16.909] [Server thread/INFO] [com.github.sculkhorde.core.SculkHorde/]: Saving 0 events.
[05Mar2025 00:08:16.909] [Server thread/INFO] [com.github.sculkhorde.core.SculkHorde/]: Saved 0 events. Took 0 Milliseconds.
[05Mar2025 00:08:41.942] [Server thread/INFO] [net.minecraft.server.network.ServerGamePacketListenerImpl/]: Shuwii lost connection: Disconnected
[05Mar2025 00:08:41.942] [Server thread/INFO] [net.minecraft.server.MinecraftServer/]: Shuwii left the game
[05Mar2025 00:11:15.011] [Netty Epoll Server IO #1/WARN] [com.connectivity.Connectivity/]: Packet:ServerboundBlockEntityTagQuery  id 1 larger than expected error detected, printing packet and buffer. Stacktrace gets logged after this
[05Mar2025 00:11:15.011] [Netty Epoll Server IO #1/WARN] [com.connectivity.Connectivity/]: Packet data:
{
  "f_133798_": 1,
  "f_133799_": "BlockPos{x=2622464, y=1013, z=1073200}"
}
[05Mar2025 00:11:15.011] [Netty Epoll Server IO #1/WARN] [com.connectivity.Connectivity/]: Packet:PooledUnsafeDirectByteBuf  id 1 data of 11 extra bytes: 
[05Mar2025 00:11:15.011] [Netty Epoll Server IO #1/WARN] [com.connectivity.Connectivity/]: Packet data:
[
  "<partial numeric data>",
  "[-115, 67, 66, -40, -108, -69, -91, 33, -75, 86, 73]"
]
[05Mar2025 00:11:15.277] [Netty Epoll Server IO #3/WARN] [com.connectivity.Connectivity/]: Packet:ServerboundBlockEntityTagQuery  id 1 larger than expected error detected, printing packet and buffer. Stacktrace gets logged after this
[05Mar2025 00:11:15.277] [Netty Epoll Server IO #3/WARN] [com.connectivity.Connectivity/]: Packet data:
{
  "f_133798_": 1,
  "f_133799_": "BlockPos{x=2622464, y=883, z=1073200}"
}
[05Mar2025 00:11:15.277] [Netty Epoll Server IO #3/WARN] [com.connectivity.Connectivity/]: Packet:PooledUnsafeDirectByteBuf  id 1 data of 11 extra bytes: 
[05Mar2025 00:11:15.277] [Netty Epoll Server IO #3/WARN] [com.connectivity.Connectivity/]: Packet data:
[
  "<partial numeric data>",
  "[-63, 70, 123, -65, -38, -23, 26, 91, -41, -127, -99]"
]
[05Mar2025 00:11:15.817] [Netty Epoll Server IO #4/WARN] [com.connectivity.Connectivity/]: Packet:ServerboundBlockEntityTagQuery  id 1 larger than expected error detected, printing packet and buffer. Stacktrace gets logged after this
[05Mar2025 00:11:15.817] [Netty Epoll Server IO #4/WARN] [com.connectivity.Connectivity/]: Packet data:
{
  "f_133798_": 1,
  "f_133799_": "BlockPos{x=2622464, y=994, z=1073200}"
}
[05Mar2025 00:11:15.817] [Netty Epoll Server IO #4/WARN] [com.connectivity.Connectivity/]: Packet:PooledUnsafeDirectByteBuf  id 1 data of 130 extra bytes: 
[05Mar2025 00:11:15.817] [Netty Epoll Server IO #4/WARN] [com.connectivity.Connectivity/]: Packet data:
[
  "x: 06zHPA=_% Y.\\{=;*W1#`S;&+/,0/526.ip.gl.ply.g"
]
[05Mar2025 00:11:15.818] [Netty Epoll Server IO #4/WARN] [com.connectivity.Connectivity/]: Packet:ServerboundMoveVehiclePacket  id 24 larger than expected error detected, printing packet and buffer. Stacktrace gets logged after this
[05Mar2025 00:11:15.818] [Netty Epoll Server IO #4/WARN] [com.connectivity.Connectivity/]: Packet data:
{
  "f_134185_": -2.4529097979899E-182,
  "f_134186_": -1.7644268888466384E-142,
  "f_134187_": -1.1116898922085382E-66,
  "f_134188_": -8.17446E-6,
  "f_134189_": 2.2251213E-19
}
[05Mar2025 00:11:15.818] [Netty Epoll Server IO #4/WARN] [com.connectivity.Connectivity/]: Packet:PooledUnsafeDirectByteBuf  id 24 data of 199 extra bytes: 
[05Mar2025 00:11:15.818] [Netty Epoll Server IO #4/WARN] [com.connectivity.Connectivity/]: Packet data:
[
  ".\\{=;*W1#`S;&+/,0/526.ip.gl.ply.g+3&$ .wbl"
]
[05Mar2025 00:11:16.400] [Netty Epoll Server IO #5/WARN] [com.connectivity.Connectivity/]: Packet:ServerboundBlockEntityTagQuery  id 1 larger than expected error detected, printing packet and buffer. Stacktrace gets logged after this
[05Mar2025 00:11:16.400] [Netty Epoll Server IO #5/WARN] [com.connectivity.Connectivity/]: Packet data:
{
  "f_133798_": 1,
  "f_133799_": "BlockPos{x=2622464, y=913, z=1073200}"
}
[05Mar2025 00:11:16.400] [Netty Epoll Server IO #5/WARN] [com.connectivity.Connectivity/]: Packet:PooledUnsafeDirectByteBuf  id 1 data of 11 extra bytes: 
[05Mar2025 00:11:16.401] [Netty Epoll Server IO #5/WARN] [com.connectivity.Connectivity/]: Packet data:
[
  "<partial numeric data>",
  "[-127, -106, 49, 42, -126, 33, 63, 87, 106, -81, -3]"
]
[05Mar2025 00:11:16.431] [Netty Epoll Server IO #6/WARN] [com.connectivity.Connectivity/]: Packet:ServerboundBlockEntityTagQuery  id 1 larger than expected error detected, printing packet and buffer. Stacktrace gets logged after this
[05Mar2025 00:11:16.431] [Netty Epoll Server IO #6/WARN] [com.connectivity.Connectivity/]: Packet data:
{
  "f_133798_": 1,
  "f_133799_": "BlockPos{x=2622464, y=964, z=1073200}"
}
[05Mar2025 00:11:16.432] [Netty Epoll Server IO #6/WARN] [com.connectivity.Connectivity/]: Packet:PooledUnsafeDirectByteBuf  id 1 data of 122 extra bytes: 
[05Mar2025 00:11:16.432] [Netty Epoll Server IO #6/WARN] [com.connectivity.Connectivity/]: Packet data:
[
  "B/]b.p<uhZ o6>Nf:0_ihkY9}60&+/,0/526.ip."
]
[05Mar2025 00:11:16.432] [Netty Epoll Server IO #6/WARN] [com.connectivity.Connectivity/]: Packet:ServerboundChangeDifficultyPacket  id 2 larger than expected error detected, printing packet and buffer. Stacktrace gets logged after this
[05Mar2025 00:11:16.432] [Netty Epoll Server IO #6/WARN] [com.connectivity.Connectivity/]: Packet data:
{
  "f_133814_": "PEACEFUL"
}
[05Mar2025 00:11:16.432] [Netty Epoll Server IO #6/WARN] [com.connectivity.Connectivity/]: Packet:PooledUnsafeDirectByteBuf  id 2 data of 223 extra bytes: 
[05Mar2025 00:11:16.432] [Netty Epoll Server IO #6/WARN] [com.connectivity.Connectivity/]: Packet data:
[
  "B/]b.p<uhZ o6>Nf:0_ihkY9}60&+/,0/526.ip.l.ply.gg+3&$ "
]
[05Mar2025 00:11:17.277] [Netty Epoll Server IO #7/WARN] [com.connectivity.Connectivity/]: Packet:ServerboundBlockEntityTagQuery  id 1 larger than expected error detected, printing packet and buffer. Stacktrace gets logged after this
[05Mar2025 00:11:17.278] [Netty Epoll Server IO #7/WARN] [com.connectivity.Connectivity/]: Packet data:
{
  "f_133798_": 1,
  "f_133799_": "BlockPos{x=2622464, y=937, z=1073200}"
}
[05Mar2025 00:11:17.278] [Netty Epoll Server IO #7/WARN] [com.connectivity.Connectivity/]: Packet:PooledUnsafeDirectByteBuf  id 1 data of 121 extra bytes: 
[05Mar2025 00:11:17.278] [Netty Epoll Server IO #7/WARN] [com.connectivity.Connectivity/]: Packet data:
[
  "F7X.Kw:) coF`T)j6&oJ5fK7uOZ&+/,0/526.ip"
]
[05Mar2025 00:11:17.278] [Netty Epoll Server IO #7/WARN] [com.connectivity.Connectivity/]: Packet:ServerboundLockDifficultyPacket  id 19 larger than expected error detected, printing packet and buffer. Stacktrace gets logged after this
[05Mar2025 00:11:17.278] [Netty Epoll Server IO #7/WARN] [com.connectivity.Connectivity/]: Packet data:
{
  "f_134105_": true
}
[05Mar2025 00:11:17.278] [Netty Epoll Server IO #7/WARN] [com.connectivity.Connectivity/]: Packet:PooledUnsafeDirectByteBuf  id 19 data of 165 extra bytes: 
[05Mar2025 00:11:17.279] [Netty Epoll Server IO #7/WARN] [com.connectivity.Connectivity/]: Packet data:
[
  "F7X.Kw:) coF`T)j6&oJ5fK7uOZ&+/,0/526.ipgl.ply.gg"
]
[05Mar2025 00:11:17.279] [Netty Epoll Server IO #7/WARN] [com.connectivity.Connectivity/]: Packet:ServerboundBlockEntityTagQuery  id 1 larger than expected error detected, printing packet and buffer. Stacktrace gets logged after this
[05Mar2025 00:11:17.279] [Netty Epoll Server IO #7/WARN] [com.connectivity.Connectivity/]: Packet data:
{
  "f_133798_": 70,
  "f_133799_": "BlockPos{x=14618567, y=-1389, z=-31940514}"
}
[05Mar2025 00:11:17.279] [Netty Epoll Server IO #7/WARN] [com.connectivity.Connectivity/]: Packet:PooledUnsafeDirectByteBuf  id 1 data of 162 extra bytes: 
[05Mar2025 00:11:17.279] [Netty Epoll Server IO #7/WARN] [com.connectivity.Connectivity/]: Packet data:
[
  "X.Kw:) coF`T)j6&oJ5fK7uOZ&+/,0/526.ipgl.ply.gg"
]
[05Mar2025 00:11:17.279] [Netty Epoll Server IO #7/WARN] [com.connectivity.Connectivity/]: Packet:ServerboundChangeDifficultyPacket  id 2 larger than expected error detected, printing packet and buffer. Stacktrace gets logged after this
[05Mar2025 00:11:17.279] [Netty Epoll Server IO #7/WARN] [com.connectivity.Connectivity/]: Packet data:
{
  "f_133814_": "HARD"
}
[05Mar2025 00:11:17.279] [Netty Epoll Server IO #7/WARN] [com.connectivity.Connectivity/]: Packet:PooledUnsafeDirectByteBuf  id 2 data of 159 extra bytes: 
[05Mar2025 00:11:17.280] [Netty Epoll Server IO #7/WARN] [com.connectivity.Connectivity/]: Packet data:
[
  "w:) coF`T)j6&oJ5fK7uOZ&+/,0/526.ipgl.ply.gg"
]
[05Mar2025 00:11:18.705] [Netty Epoll Server IO #0/WARN] [com.connectivity.Connectivity/]: Packet:ServerboundBlockEntityTagQuery  id 1 larger than expected error detected, printing packet and buffer. Stacktrace gets logged after this
[05Mar2025 00:11:18.705] [Netty Epoll Server IO #0/WARN] [com.connectivity.Connectivity/]: Packet data:
{
  "f_133798_": 1,
  "f_133799_": "BlockPos{x=2622464, y=986, z=1073200}"
}
[05Mar2025 00:11:18.705] [Netty Epoll Server IO #0/WARN] [com.connectivity.Connectivity/]: Packet:PooledUnsafeDirectByteBuf  id 1 data of 17 extra bytes: 
[05Mar2025 00:11:18.705] [Netty Epoll Server IO #0/WARN] [com.connectivity.Connectivity/]: Packet data:
[
  "<partial numeric data>",
  "[37, 62, -93, -82, -55, -98, 76, -56, 60, 14, -4, -34, 115, -111, -125, -95, 8]"
]
[05Mar2025 00:11:18.707] [Netty Epoll Server IO #1/WARN] [com.connectivity.Connectivity/]: Packet:ServerboundBlockEntityTagQuery  id 1 larger than expected error detected, printing packet and buffer. Stacktrace gets logged after this
[05Mar2025 00:11:18.707] [Netty Epoll Server IO #1/WARN] [com.connectivity.Connectivity/]: Packet data:
{
  "f_133798_": 1,
  "f_133799_": "BlockPos{x=2622464, y=929, z=1073200}"
}
[05Mar2025 00:11:18.707] [Netty Epoll Server IO #1/WARN] [com.connectivity.Connectivity/]: Packet:PooledUnsafeDirectByteBuf  id 1 data of 63 extra bytes: 
[05Mar2025 00:11:18.707] [Netty Epoll Server IO #1/WARN] [com.connectivity.Connectivity/]: Packet data:
[
  "ToS8QdJ'j,4e \\jKw 3S/\\>8+x"
]
[05Mar2025 00:11:18.707] [Netty Epoll Server IO #1/WARN] [com.connectivity.Connectivity/]: Packet:ServerboundJigsawGeneratePacket  id 17 larger than expected error detected, printing packet and buffer. Stacktrace gets logged after this
[05Mar2025 00:11:18.707] [Netty Epoll Server IO #1/WARN] [com.connectivity.Connectivity/]: Packet data:
{
  "f_134073_": "BlockPos{x=-12065277, y=460, z=29910334}",
  "f_134074_": 56,
  "f_134075_": true
}
[05Mar2025 00:11:18.708] [Netty Epoll Server IO #1/WARN] [com.connectivity.Connectivity/]: Packet:PooledUnsafeDirectByteBuf  id 17 data of 88 extra bytes: 
[05Mar2025 00:11:18.708] [Netty Epoll Server IO #1/WARN] [com.connectivity.Connectivity/]: Packet data:
[
  "dJ'j,4e \\jKw 3S/\\>8+x+/,0/5"
]
[05Mar2025 00:11:18.708] [Netty Epoll Server IO #1/WARN] [com.connectivity.Connectivity/]: Packet:ServerboundJigsawGeneratePacket  id 17 larger than expected error detected, printing packet and buffer. Stacktrace gets logged after this
[05Mar2025 00:11:18.709] [Netty Epoll Server IO #1/WARN] [com.connectivity.Connectivity/]: Packet data:
{
  "f_134073_": "BlockPos{x=-3284224, y=44, z=-21232900}",
  "f_134074_": 6208,
  "f_134075_": true
}
[05Mar2025 00:11:18.709] [Netty Epoll Server IO #1/WARN] [com.connectivity.Connectivity/]: Packet:PooledUnsafeDirectByteBuf  id 17 data of 58 extra bytes: 
[05Mar2025 00:11:18.709] [Netty Epoll Server IO #1/WARN] [com.connectivity.Connectivity/]: Packet data:
[
  "/526.ip.gl.ply.gg"
]
[05Mar2025 00:11:18.709] [Netty Epoll Server IO #1/WARN] [com.connectivity.Connectivity/]: Packet:ServerboundAcceptTeleportationPacket  id 0 larger than expected error detected, printing packet and buffer. Stacktrace gets logged after this
[05Mar2025 00:11:18.709] [Netty Epoll Server IO #1/WARN] [com.connectivity.Connectivity/]: Packet data:
{
  "f_133785_": 28
}
[05Mar2025 00:11:18.709] [Netty Epoll Server IO #1/WARN] [com.connectivity.Connectivity/]: Packet:PooledUnsafeDirectByteBuf  id 0 data of 81 extra bytes: 
[05Mar2025 00:11:18.709] [Netty Epoll Server IO #1/WARN] [com.connectivity.Connectivity/]: Packet data:
[
  "/526.ip.gl.ply.gg"
]
[05Mar2025 00:11:18.709] [Netty Epoll Server IO #1/WARN] [com.connectivity.Connectivity/]: Packet:ServerboundAcceptTeleportationPacket  id 0 larger than expected error detected, printing packet and buffer. Stacktrace gets logged after this
[05Mar2025 00:11:18.709] [Netty Epoll Server IO #1/WARN] [com.connectivity.Connectivity/]: Packet data:
{
  "f_133785_": 53
}
[05Mar2025 00:11:18.710] [Netty Epoll Server IO #1/WARN] [com.connectivity.Connectivity/]: Packet:PooledUnsafeDirectByteBuf  id 0 data of 80 extra bytes: 
[05Mar2025 00:11:18.710] [Netty Epoll Server IO #1/WARN] [com.connectivity.Connectivity/]: Packet data:
[
  "<partial numeric data>",
  "[-64, 18, 0, 10, 19, 1, 19, 2, 19, 3, 0, 0, 0, 20, 0, 18, 0, 0, 15, 50, 54, 46, 105, 112, 46, 103, 108, 46, 112, 108, 121, 46, 103, 103, 0, 5, 1, 0, 0, 0, 10, 0, 8, 0, 29, 0, 23, 0, 24, 0, 11, 0, 2, 1, 0, 0, 13, 0, 26, 0, 24, 8, 4, 4, 3, 8, 7, 8, 5, 8, 6, 4, 1, 5, 6, 5, 6, 3, 2, 2]"
]
[05Mar2025 00:11:18.710] [Netty Epoll Server IO #1/WARN] [com.connectivity.Connectivity/]: Packet:ServerboundAcceptTeleportationPacket  id 0 larger than expected error detected, printing packet and buffer. Stacktrace gets logged after this
[05Mar2025 00:11:18.710] [Netty Epoll Server IO #1/WARN] [com.connectivity.Connectivity/]: Packet data:
{
  "f_133785_": 10
}
[05Mar2025 00:11:18.710] [Netty Epoll Server IO #1/WARN] [com.connectivity.Connectivity/]: Packet:PooledUnsafeDirectByteBuf  id 0 data of 80 extra bytes: 
[05Mar2025 00:11:18.710] [Netty Epoll Server IO #1/WARN] [com.connectivity.Connectivity/]: Packet data:
[
  "<partial numeric data>",
  "[19, 1, 19, 2, 19, 3, 0, 0, 0, 20, 0, 18, 0, 0, 15, 50, 54, 46, 105, 112, 46, 103, 108, 46, 112, 108, 121, 46, 103, 103, 0, 5, 1, 0, 0, 0, 10, 0, 8, 0, 29, 0, 23, 0, 24, 0, 11, 0, 2, 1, 0, 0, 13, 0, 26, 0, 24, 8, 4, 4, 3, 8, 7, 8, 5, 8, 6, 4, 1, 5, 6, 5, 6, 3, 2, 2, -1, 1, 0, 0]"
]
[05Mar2025 00:11:18.710] [Netty Epoll Server IO #1/WARN] [com.connectivity.Connectivity/]: Packet:ServerboundLockDifficultyPacket  id 19 larger than expected error detected, printing packet and buffer. Stacktrace gets logged after this
[05Mar2025 00:11:18.710] [Netty Epoll Server IO #1/WARN] [com.connectivity.Connectivity/]: Packet data:
{
  "f_134105_": true
}
[05Mar2025 00:11:18.711] [Netty Epoll Server IO #1/WARN] [com.connectivity.Connectivity/]: Packet:PooledUnsafeDirectByteBuf  id 19 data of 78 extra bytes: 
[05Mar2025 00:11:18.711] [Netty Epoll Server IO #1/WARN] [com.connectivity.Connectivity/]: Packet data:
[
  "<partial numeric data>",
  "[19, 2, 19, 3, 0, 0, 0, 20, 0, 18, 0, 0, 15, 50, 54, 46, 105, 112, 46, 103, 108, 46, 112, 108, 121, 46, 103, 103, 0, 5, 1, 0, 0, 0, 10, 0, 8, 0, 29, 0, 23, 0, 24, 0, 11, 0, 2, 1, 0, 0, 13, 0, 26, 0, 24, 8, 4, 4, 3, 8, 7, 8, 5, 8, 6, 4, 1, 5, 6, 5, 6, 3, 2, 2, -1, 1, 0, 0]"
]
[05Mar2025 00:11:18.711] [Netty Epoll Server IO #1/WARN] [com.connectivity.Connectivity/]: Packet:ServerboundLockDifficultyPacket  id 19 larger than expected error detected, printing packet and buffer. Stacktrace gets logged after this
[05Mar2025 00:11:18.711] [Netty Epoll Server IO #1/WARN] [com.connectivity.Connectivity/]: Packet data:
{
  "f_134105_": true
}
[05Mar2025 00:11:18.711] [Netty Epoll Server IO #1/WARN] [com.connectivity.Connectivity/]: Packet:PooledUnsafeDirectByteBuf  id 19 data of 99 extra bytes: 
[05Mar2025 00:11:18.711] [Netty Epoll Server IO #1/WARN] [com.connectivity.Connectivity/]: Packet data:
[
  "26.ip.gl.ply.gg+3&"
]
[05Mar2025 00:11:18.711] [Netty Epoll Server IO #1/WARN] [com.connectivity.Connectivity/]: Packet:ServerboundLockDifficultyPacket  id 19 larger than expected error detected, printing packet and buffer. Stacktrace gets logged after this
[05Mar2025 00:11:18.712] [Netty Epoll Server IO #1/WARN] [com.connectivity.Connectivity/]: Packet data:
{
  "f_134105_": true
}
[05Mar2025 00:11:18.712] [Netty Epoll Server IO #1/WARN] [com.connectivity.Connectivity/]: Packet:PooledUnsafeDirectByteBuf  id 19 data of 97 extra bytes: 
[05Mar2025 00:11:18.712] [Netty Epoll Server IO #1/WARN] [com.connectivity.Connectivity/]: Packet data:
[
  "26.ip.gl.ply.gg+3&"
]
[05Mar2025 00:11:18.712] [Netty Epoll Server IO #1/WARN] [com.connectivity.Connectivity/]: Packet:ServerboundAcceptTeleportationPacket  id 0 larger than expected error detected, printing packet and buffer. Stacktrace gets logged after this
[05Mar2025 00:11:18.712] [Netty Epoll Server IO #1/WARN] [com.connectivity.Connectivity/]: Packet data:
{
  "f_133785_": 0
}
[05Mar2025 00:11:18.712] [Netty Epoll Server IO #1/WARN] [com.connectivity.Connectivity/]: Packet:PooledUnsafeDirectByteBuf  id 0 data of 131 extra bytes: 
[05Mar2025 00:11:18.713] [Netty Epoll Server IO #1/WARN] [com.connectivity.Connectivity/]: Packet data:
[
  "26.ip.gl.ply.gg+3& 2]nin~!|%f"
]
[05Mar2025 00:11:18.713] [Netty Epoll Server IO #1/WARN] [com.connectivity.Connectivity/]: Packet:ServerboundAcceptTeleportationPacket  id 0 larger than expected error detected, printing packet and buffer. Stacktrace gets logged after this
[05Mar2025 00:11:18.713] [Netty Epoll Server IO #1/WARN] [com.connectivity.Connectivity/]: Packet data:
{
  "f_133785_": 20
}
[05Mar2025 00:11:18.713] [Netty Epoll Server IO #1/WARN] [com.connectivity.Connectivity/]: Packet:PooledUnsafeDirectByteBuf  id 0 data of 129 extra bytes: 
[05Mar2025 00:11:18.713] [Netty Epoll Server IO #1/WARN] [com.connectivity.Connectivity/]: Packet data:
[
  "26.ip.gl.ply.gg+3& 2]nin~!|%f"
]
[05Mar2025 00:11:24.783] [Netty Epoll Server IO #2/WARN] [com.connectivity.Connectivity/]: Packet:ServerboundBlockEntityTagQuery  id 1 larger than expected error detected, printing packet and buffer. Stacktrace gets logged after this
[05Mar2025 00:11:24.783] [Netty Epoll Server IO #2/WARN] [com.connectivity.Connectivity/]: Packet data:
{
  "f_133798_": 1,
  "f_133799_": "BlockPos{x=5768192, y=820, z=1122352}"
}
[05Mar2025 00:11:24.784] [Netty Epoll Server IO #2/WARN] [com.connectivity.Connectivity/]: Packet:PooledUnsafeDirectByteBuf  id 1 data of 108 extra bytes: 
[05Mar2025 00:11:24.784] [Netty Epoll Server IO #2/WARN] [com.connectivity.Connectivity/]: Packet data:
[
  "}Q4:@PBLq@!v m(- ~Tcz0H2+/,0/5#'<"
]
[05Mar2025 00:11:24.784] [Netty Epoll Server IO #2/WARN] [com.connectivity.Connectivity/]: Packet:ServerboundPongPacket  id 32 larger than expected error detected, printing packet and buffer. Stacktrace gets logged after this
[05Mar2025 00:11:24.784] [Netty Epoll Server IO #2/WARN] [com.connectivity.Connectivity/]: Packet data:
{
  "f_179721_": 1838279840
}
[05Mar2025 00:11:24.785] [Netty Epoll Server IO #2/WARN] [com.connectivity.Connectivity/]: Packet:PooledUnsafeDirectByteBuf  id 32 data of 154 extra bytes: 
[05Mar2025 00:11:24.785] [Netty Epoll Server IO #2/WARN] [com.connectivity.Connectivity/]: Packet data:
[
  "(- ~Tcz0H2+/,0/5#'<26.ip.gl.ply.gg"
]
[05Mar2025 00:11:24.785] [Netty Epoll Server IO #2/WARN] [com.connectivity.Connectivity/]: Packet:ServerboundPlayerAbilitiesPacket  id 28 larger than expected error detected, printing packet and buffer. Stacktrace gets logged after this
[05Mar2025 00:11:24.785] [Netty Epoll Server IO #2/WARN] [com.connectivity.Connectivity/]: Packet data:
{
  "f_134254_": false
}
[05Mar2025 00:11:24.785] [Netty Epoll Server IO #2/WARN] [com.connectivity.Connectivity/]: Packet:PooledUnsafeDirectByteBuf  id 28 data of 198 extra bytes: 
[05Mar2025 00:11:24.786] [Netty Epoll Server IO #2/WARN] [com.connectivity.Connectivity/]: Packet data:
[
  " ~Tcz0H2+/,0/5#'<26.ip.gl.ply.gg+3& ~|7Rl&{)a89|J?"
]
[05Mar2025 00:11:25.037] [Netty Epoll Server IO #3/WARN] [com.connectivity.Connectivity/]: Packet:ServerboundBlockEntityTagQuery  id 1 larger than expected error detected, printing packet and buffer. Stacktrace gets logged after this
[05Mar2025 00:11:25.038] [Netty Epoll Server IO #3/WARN] [com.connectivity.Connectivity/]: Packet data:
{
  "f_133798_": 0,
  "f_133799_": "BlockPos{x=-8125440, y=842, z=905264}"
}
[05Mar2025 00:11:25.038] [Netty Epoll Server IO #3/WARN] [com.connectivity.Connectivity/]: Packet:PooledUnsafeDirectByteBuf  id 1 data of 94 extra bytes: 
[05Mar2025 00:11:25.038] [Netty Epoll Server IO #3/WARN] [com.connectivity.Connectivity/]: Packet data:
[
  "R?(3F#}6uYh/+f8,/0#(3<k5$j@"
]
[05Mar2025 00:13:16.902] [Server thread/INFO] [com.github.sculkhorde.core.SculkHorde/]: Saving 0 events.
[05Mar2025 00:13:16.902] [Server thread/INFO] [com.github.sculkhorde.core.SculkHorde/]: Saved 0 events. Took 0 Milliseconds.
[05Mar2025 00:13:42.117] [Server thread/INFO] [net.minecraft.world.entity.LivingEntity/]: Named entity Skeleton['Honeyed Archer'/123690, l='ServerLevel[world]', x=799.91, y=66.03, z=278.35] died: Honeyed Archer suffocated in a wall
[05Mar2025 00:15:41.232] [Server thread/INFO] [net.minecraft.server.network.ServerGamePacketListenerImpl/]: UniFoxyR lost connection: Timed out
[05Mar2025 00:15:41.232] [Server thread/INFO] [net.minecraft.server.MinecraftServer/]: UniFoxyR left the game
[05Mar2025 00:15:59.130] [Server thread/INFO] [com.teampotato.redirector.Redirector/]: Redirecting com/tacz/guns/api/event/common/GunDamageSourcePart
[05Mar2025 00:17:17.736] [Server thread/INFO] [net.minecraft.server.players.PlayerList/]: UniFoxyR[/127.13.241.157:58235] logged in with entity id 126804 at (760.5960919175227, 71.0, 231.19583875454543)
[05Mar2025 00:17:17.749] [Server thread/INFO] [net.minecraft.server.MinecraftServer/]: UniFoxyR joined the game
[05Mar2025 00:17:17.765] [Server thread/INFO] [fallingtrees | Config/]: Sending common config 'fallingtrees:fallingtrees_common' to UniFoxyR
[05Mar2025 00:17:17.767] [Server thread/INFO] [Jade/]: Syncing config to UniFoxyR (eed6928e-68fb-3641-8662-1db75c1da882)
[05Mar2025 00:17:18.030] [Netty Epoll Server IO #1/INFO] [fallingtrees | Config/]: Received client config 'fallingtrees:fallingtrees_client' from UniFoxyR
[05Mar2025 00:18:16.898] [Server thread/INFO] [com.github.sculkhorde.core.SculkHorde/]: Saving 0 events.
[05Mar2025 00:18:16.898] [Server thread/INFO] [com.github.sculkhorde.core.SculkHorde/]: Saved 0 events. Took 0 Milliseconds.
[05Mar2025 00:20:11.830] [Server thread/INFO] [net.minecraft.server.network.ServerGamePacketListenerImpl/]: UniFoxyR lost connection: Timed out
[05Mar2025 00:20:11.830] [Server thread/INFO] [net.minecraft.server.MinecraftServer/]: UniFoxyR left the game
[05Mar2025 00:20:51.886] [Server thread/INFO] [net.minecraft.server.players.PlayerList/]: UniFoxyR[/127.13.241.157:53479] logged in with entity id 127741 at (760.5960919175227, 71.0, 231.19583875454543)
[05Mar2025 00:20:51.905] [Server thread/INFO] [net.minecraft.server.MinecraftServer/]: UniFoxyR joined the game
[05Mar2025 00:20:51.914] [Server thread/INFO] [fallingtrees | Config/]: Sending common config 'fallingtrees:fallingtrees_common' to UniFoxyR
[05Mar2025 00:20:51.915] [Server thread/INFO] [Jade/]: Syncing config to UniFoxyR (eed6928e-68fb-3641-8662-1db75c1da882)
[05Mar2025 00:20:53.802] [Netty Epoll Server IO #5/INFO] [fallingtrees | Config/]: Received client config 'fallingtrees:fallingtrees_client' from UniFoxyR
[05Mar2025 00:22:29.631] [Server thread/INFO] [net.minecraft.server.network.ServerGamePacketListenerImpl/]: Wachinango lost connection: Disconnected
[05Mar2025 00:22:29.631] [Server thread/INFO] [net.minecraft.server.MinecraftServer/]: Wachinango left the game
[05Mar2025 00:23:16.878] [Server thread/INFO] [com.github.sculkhorde.core.SculkHorde/]: Saving 0 events.
[05Mar2025 00:23:16.878] [Server thread/INFO] [com.github.sculkhorde.core.SculkHorde/]: Saved 0 events. Took 0 Milliseconds.
[05Mar2025 00:23:38.923] [Server thread/INFO] [net.minecraft.server.network.ServerGamePacketListenerImpl/]: UniFoxyR lost connection: Timed out
[05Mar2025 00:23:38.923] [Server thread/INFO] [net.minecraft.server.MinecraftServer/]: UniFoxyR left the game
[05Mar2025 00:24:13.908] [Server thread/INFO] [net.minecraft.server.network.ServerLoginPacketListenerImpl/]: com.mojang.authlib.GameProfile@762104f5[id=<null>,name=UniFoxyR,properties={},legacy=false] (/127.13.241.157:33735) lost connection: Disconnected
[05Mar2025 00:24:14.013] [Config file watcher thread/INFO] [portb.configlib.ConfigLib/]: Watcher has shut down
[05Mar2025 00:24:14.014] [Server thread/INFO] [net.minecraft.server.MinecraftServer/]: Stopping server
[05Mar2025 00:24:14.015] [Server thread/INFO] [net.minecraft.server.MinecraftServer/]: Saving players
[05Mar2025 00:24:14.015] [Server thread/INFO] [net.minecraft.server.MinecraftServer/]: Saving worlds
[05Mar2025 00:24:14.128] [Server thread/INFO] [net.minecraft.server.MinecraftServer/]: Saving chunks for level 'ServerLevel[world]'/minecraft:overworld
[05Mar2025 00:24:14.129] [Server thread/INFO] [com.github.sculkhorde.core.SculkHorde/]: Saving 0 events.
[05Mar2025 00:24:14.129] [Server thread/INFO] [com.github.sculkhorde.core.SculkHorde/]: Saved 0 events. Took 0 Milliseconds.
[05Mar2025 00:24:14.561] [Server thread/INFO] [net.minecraft.server.MinecraftServer/]: Saving chunks for level 'ServerLevel[world]'/twilightforest:twilight_forest
[05Mar2025 00:24:14.562] [Server thread/INFO] [net.minecraft.server.MinecraftServer/]: Saving chunks for level 'ServerLevel[world]'/undergarden:undergarden
[05Mar2025 00:24:14.562] [Server thread/INFO] [net.minecraft.server.MinecraftServer/]: Saving chunks for level 'ServerLevel[world]'/minecraft:the_end
[05Mar2025 00:24:14.562] [Server thread/INFO] [net.minecraft.server.MinecraftServer/]: Saving chunks for level 'ServerLevel[world]'/minecraft:the_nether
[05Mar2025 00:24:14.565] [Server thread/INFO] [net.minecraft.server.MinecraftServer/]: Saving chunks for level 'ServerLevel[world]'/graveyard:past
[05Mar2025 00:24:14.608] [Server thread/INFO] [net.minecraft.server.MinecraftServer/]: ThreadedAnvilChunkStorage (world): All chunks are saved
[05Mar2025 00:24:14.608] [Server thread/INFO] [net.minecraft.server.MinecraftServer/]: ThreadedAnvilChunkStorage (twilight_forest): All chunks are saved
[05Mar2025 00:24:14.608] [Server thread/INFO] [net.minecraft.server.MinecraftServer/]: ThreadedAnvilChunkStorage (undergarden): All chunks are saved
[05Mar2025 00:24:14.608] [Server thread/INFO] [net.minecraft.server.MinecraftServer/]: ThreadedAnvilChunkStorage (DIM1): All chunks are saved
[05Mar2025 00:24:14.608] [Server thread/INFO] [net.minecraft.server.MinecraftServer/]: ThreadedAnvilChunkStorage (DIM-1): All chunks are saved
[05Mar2025 00:24:14.608] [Server thread/INFO] [net.minecraft.server.MinecraftServer/]: ThreadedAnvilChunkStorage (past): All chunks are saved
[05Mar2025 00:24:14.609] [Server thread/INFO] [net.minecraft.server.MinecraftServer/]: ThreadedAnvilChunkStorage: All dimensions are saved
[05Mar2025 00:24:14.610] [Server thread/INFO] [com.yellowbrossproductions.illageandspillage.IllageAndSpillage/]: Removed entity.illageandspillage.boss_randomizer from Raids to prevent a post-mod-removal crash
[05Mar2025 00:24:14.610] [Server thread/INFO] [com.yellowbrossproductions.illageandspillage.IllageAndSpillage/]: Removed entity.illageandspillage.igniter from Raids to prevent a post-mod-removal crash
[05Mar2025 00:24:14.610] [Server thread/INFO] [com.yellowbrossproductions.illageandspillage.IllageAndSpillage/]: Removed entity.illageandspillage.engineer from Raids to prevent a post-mod-removal crash
[05Mar2025 00:24:14.610] [Server thread/INFO] [com.yellowbrossproductions.illageandspillage.IllageAndSpillage/]: Removed entity.illageandspillage.twittollager from Raids to prevent a post-mod-removal crash
[05Mar2025 00:24:14.610] [Server thread/INFO] [com.yellowbrossproductions.illageandspillage.IllageAndSpillage/]: Removed entity.illageandspillage.magispeller from Raids to prevent a post-mod-removal crash
[05Mar2025 00:24:14.610] [Server thread/INFO] [com.yellowbrossproductions.illageandspillage.IllageAndSpillage/]: Removed entity.illageandspillage.spiritcaller from Raids to prevent a post-mod-removal crash
[05Mar2025 00:24:14.610] [Server thread/INFO] [com.yellowbrossproductions.illageandspillage.IllageAndSpillage/]: Removed entity.illageandspillage.crocofang from Raids to prevent a post-mod-removal crash
[05Mar2025 00:24:14.610] [Server thread/INFO] [com.yellowbrossproductions.illageandspillage.IllageAndSpillage/]: Removed entity.illageandspillage.absorber from Raids to prevent a post-mod-removal crash
[05Mar2025 00:24:14.610] [Server thread/INFO] [com.yellowbrossproductions.illageandspillage.IllageAndSpillage/]: Removed entity.illageandspillage.preserver from Raids to prevent a post-mod-removal crash
[05Mar2025 00:24:14.610] [Server thread/INFO] [com.yellowbrossproductions.illageandspillage.IllageAndSpillage/]: Removed entity.illageandspillage.freakager from Raids to prevent a post-mod-removal crash
[05Mar2025 00:24:14.610] [Server thread/INFO] [com.yellowbrossproductions.illageandspillage.IllageAndSpillage/]: Removed entity.illageandspillage.old_freakager from Raids to prevent a post-mod-removal crash
[05Mar2025 00:24:14.610] [Server thread/INFO] [com.yellowbrossproductions.illageandspillage.IllageAndSpillage/]: Removed entity.illageandspillage.old_magispeller from Raids to prevent a post-mod-removal crash
[05Mar2025 00:24:14.826] [Server thread/INFO] [com.yellowbrossproductions.illageandspillage.IllageAndSpillage/]: Removed entity.illageandspillage.boss_randomizer from Raids to prevent a post-mod-removal crash
[05Mar2025 00:24:14.826] [Server thread/INFO] [com.yellowbrossproductions.illageandspillage.IllageAndSpillage/]: Removed entity.illageandspillage.igniter from Raids to prevent a post-mod-removal crash
[05Mar2025 00:24:14.826] [Server thread/INFO] [com.yellowbrossproductions.illageandspillage.IllageAndSpillage/]: Removed entity.illageandspillage.engineer from Raids to prevent a post-mod-removal crash
[05Mar2025 00:24:14.827] [Server thread/INFO] [com.yellowbrossproductions.illageandspillage.IllageAndSpillage/]: Removed entity.illageandspillage.twittollager from Raids to prevent a post-mod-removal crash
[05Mar2025 00:24:14.827] [Server thread/INFO] [com.yellowbrossproductions.illageandspillage.IllageAndSpillage/]: Removed entity.illageandspillage.magispeller from Raids to prevent a post-mod-removal crash
[05Mar2025 00:24:14.827] [Server thread/INFO] [com.yellowbrossproductions.illageandspillage.IllageAndSpillage/]: Removed entity.illageandspillage.spiritcaller from Raids to prevent a post-mod-removal crash
[05Mar2025 00:24:14.827] [Server thread/INFO] [com.yellowbrossproductions.illageandspillage.IllageAndSpillage/]: Removed entity.illageandspillage.crocofang from Raids to prevent a post-mod-removal crash
[05Mar2025 00:24:14.827] [Server thread/INFO] [com.yellowbrossproductions.illageandspillage.IllageAndSpillage/]: Removed entity.illageandspillage.absorber from Raids to prevent a post-mod-removal crash
[05Mar2025 00:24:14.827] [Server thread/INFO] [com.yellowbrossproductions.illageandspillage.IllageAndSpillage/]: Removed entity.illageandspillage.preserver from Raids to prevent a post-mod-removal crash
[05Mar2025 00:24:14.827] [Server thread/INFO] [com.yellowbrossproductions.illageandspillage.IllageAndSpillage/]: Removed entity.illageandspillage.freakager from Raids to prevent a post-mod-removal crash
[05Mar2025 00:24:14.827] [Server thread/INFO] [com.yellowbrossproductions.illageandspillage.IllageAndSpillage/]: Removed entity.illageandspillage.old_freakager from Raids to prevent a post-mod-removal crash
[05Mar2025 00:24:14.827] [Server thread/INFO] [com.yellowbrossproductions.illageandspillage.IllageAndSpillage/]: Removed entity.illageandspillage.old_magispeller from Raids to prevent a post-mod-removal crash
[05Mar2025 00:24:14.827] [Server thread/INFO] [com.yellowbrossproductions.illageandspillage.IllageAndSpillage/]: Removed entity.illageandspillage.boss_randomizer from Raids to prevent a post-mod-removal crash
[05Mar2025 00:24:14.828] [Server thread/INFO] [com.yellowbrossproductions.illageandspillage.IllageAndSpillage/]: Removed entity.illageandspillage.igniter from Raids to prevent a post-mod-removal crash
[05Mar2025 00:24:14.828] [Server thread/INFO] [com.yellowbrossproductions.illageandspillage.IllageAndSpillage/]: Removed entity.illageandspillage.engineer from Raids to prevent a post-mod-removal crash
[05Mar2025 00:24:14.828] [Server thread/INFO] [com.yellowbrossproductions.illageandspillage.IllageAndSpillage/]: Removed entity.illageandspillage.twittollager from Raids to prevent a post-mod-removal crash
[05Mar2025 00:24:14.828] [Server thread/INFO] [com.yellowbrossproductions.illageandspillage.IllageAndSpillage/]: Removed entity.illageandspillage.magispeller from Raids to prevent a post-mod-removal crash
[05Mar2025 00:24:14.828] [Server thread/INFO] [com.yellowbrossproductions.illageandspillage.IllageAndSpillage/]: Removed entity.illageandspillage.spiritcaller from Raids to prevent a post-mod-removal crash
[05Mar2025 00:24:14.828] [Server thread/INFO] [com.yellowbrossproductions.illageandspillage.IllageAndSpillage/]: Removed entity.illageandspillage.crocofang from Raids to prevent a post-mod-removal crash
[05Mar2025 00:24:14.828] [Server thread/INFO] [com.yellowbrossproductions.illageandspillage.IllageAndSpillage/]: Removed entity.illageandspillage.absorber from Raids to prevent a post-mod-removal crash
[05Mar2025 00:24:14.828] [Server thread/INFO] [com.yellowbrossproductions.illageandspillage.IllageAndSpillage/]: Removed entity.illageandspillage.preserver from Raids to prevent a post-mod-removal crash
[05Mar2025 00:24:14.828] [Server thread/INFO] [com.yellowbrossproductions.illageandspillage.IllageAndSpillage/]: Removed entity.illageandspillage.freakager from Raids to prevent a post-mod-removal crash
[05Mar2025 00:24:14.828] [Server thread/INFO] [com.yellowbrossproductions.illageandspillage.IllageAndSpillage/]: Removed entity.illageandspillage.old_freakager from Raids to prevent a post-mod-removal crash
[05Mar2025 00:24:14.828] [Server thread/INFO] [com.yellowbrossproductions.illageandspillage.IllageAndSpillage/]: Removed entity.illageandspillage.old_magispeller from Raids to prevent a post-mod-removal crash
[05Mar2025 00:24:14.828] [Server thread/INFO] [com.yellowbrossproductions.illageandspillage.IllageAndSpillage/]: Removed entity.illageandspillage.boss_randomizer from Raids to prevent a post-mod-removal crash
[05Mar2025 00:24:14.828] [Server thread/INFO] [com.yellowbrossproductions.illageandspillage.IllageAndSpillage/]: Removed entity.illageandspillage.igniter from Raids to prevent a post-mod-removal crash
[05Mar2025 00:24:14.828] [Server thread/INFO] [com.yellowbrossproductions.illageandspillage.IllageAndSpillage/]: Removed entity.illageandspillage.engineer from Raids to prevent a post-mod-removal crash
[05Mar2025 00:24:14.829] [Server thread/INFO] [com.yellowbrossproductions.illageandspillage.IllageAndSpillage/]: Removed entity.illageandspillage.twittollager from Raids to prevent a post-mod-removal crash
[05Mar2025 00:24:14.829] [Server thread/INFO] [com.yellowbrossproductions.illageandspillage.IllageAndSpillage/]: Removed entity.illageandspillage.magispeller from Raids to prevent a post-mod-removal crash
[05Mar2025 00:24:14.829] [Server thread/INFO] [com.yellowbrossproductions.illageandspillage.IllageAndSpillage/]: Removed entity.illageandspillage.spiritcaller from Raids to prevent a post-mod-removal crash
[05Mar2025 00:24:14.829] [Server thread/INFO] [com.yellowbrossproductions.illageandspillage.IllageAndSpillage/]: Removed entity.illageandspillage.crocofang from Raids to prevent a post-mod-removal crash
[05Mar2025 00:24:14.829] [Server thread/INFO] [com.yellowbrossproductions.illageandspillage.IllageAndSpillage/]: Removed entity.illageandspillage.absorber from Raids to prevent a post-mod-removal crash
[05Mar2025 00:24:14.829] [Server thread/INFO] [com.yellowbrossproductions.illageandspillage.IllageAndSpillage/]: Removed entity.illageandspillage.preserver from Raids to prevent a post-mod-removal crash
[05Mar2025 00:24:14.829] [Server thread/INFO] [com.yellowbrossproductions.illageandspillage.IllageAndSpillage/]: Removed entity.illageandspillage.freakager from Raids to prevent a post-mod-removal crash
[05Mar2025 00:24:14.829] [Server thread/INFO] [com.yellowbrossproductions.illageandspillage.IllageAndSpillage/]: Removed entity.illageandspillage.old_freakager from Raids to prevent a post-mod-removal crash
[05Mar2025 00:24:14.829] [Server thread/INFO] [com.yellowbrossproductions.illageandspillage.IllageAndSpillage/]: Removed entity.illageandspillage.old_magispeller from Raids to prevent a post-mod-removal crash
[05Mar2025 00:24:14.829] [Server thread/INFO] [com.yellowbrossproductions.illageandspillage.IllageAndSpillage/]: Removed entity.illageandspillage.boss_randomizer from Raids to prevent a post-mod-removal crash
[05Mar2025 00:24:14.829] [Server thread/INFO] [com.yellowbrossproductions.illageandspillage.IllageAndSpillage/]: Removed entity.illageandspillage.igniter from Raids to prevent a post-mod-removal crash
[05Mar2025 00:24:14.829] [Server thread/INFO] [com.yellowbrossproductions.illageandspillage.IllageAndSpillage/]: Removed entity.illageandspillage.engineer from Raids to prevent a post-mod-removal crash
[05Mar2025 00:24:14.829] [Server thread/INFO] [com.yellowbrossproductions.illageandspillage.IllageAndSpillage/]: Removed entity.illageandspillage.twittollager from Raids to prevent a post-mod-removal crash
[05Mar2025 00:24:14.829] [Server thread/INFO] [com.yellowbrossproductions.illageandspillage.IllageAndSpillage/]: Removed entity.illageandspillage.magispeller from Raids to prevent a post-mod-removal crash
[05Mar2025 00:24:14.829] [Server thread/INFO] [com.yellowbrossproductions.illageandspillage.IllageAndSpillage/]: Removed entity.illageandspillage.spiritcaller from Raids to prevent a post-mod-removal crash
[05Mar2025 00:24:14.829] [Server thread/INFO] [com.yellowbrossproductions.illageandspillage.IllageAndSpillage/]: Removed entity.illageandspillage.crocofang from Raids to prevent a post-mod-removal crash
[05Mar2025 00:24:14.829] [Server thread/INFO] [com.yellowbrossproductions.illageandspillage.IllageAndSpillage/]: Removed entity.illageandspillage.absorber from Raids to prevent a post-mod-removal crash
[05Mar2025 00:24:14.829] [Server thread/INFO] [com.yellowbrossproductions.illageandspillage.IllageAndSpillage/]: Removed entity.illageandspillage.preserver from Raids to prevent a post-mod-removal crash
[05Mar2025 00:24:14.830] [Server thread/INFO] [com.yellowbrossproductions.illageandspillage.IllageAndSpillage/]: Removed entity.illageandspillage.freakager from Raids to prevent a post-mod-removal crash
[05Mar2025 00:24:14.830] [Server thread/INFO] [com.yellowbrossproductions.illageandspillage.IllageAndSpillage/]: Removed entity.illageandspillage.old_freakager from Raids to prevent a post-mod-removal crash
[05Mar2025 00:24:14.830] [Server thread/INFO] [com.yellowbrossproductions.illageandspillage.IllageAndSpillage/]: Removed entity.illageandspillage.old_magispeller from Raids to prevent a post-mod-removal crash
[05Mar2025 00:24:14.911] [Server thread/INFO] [com.yellowbrossproductions.illageandspillage.IllageAndSpillage/]: Removed entity.illageandspillage.boss_randomizer from Raids to prevent a post-mod-removal crash
[05Mar2025 00:24:14.911] [Server thread/INFO] [com.yellowbrossproductions.illageandspillage.IllageAndSpillage/]: Removed entity.illageandspillage.igniter from Raids to prevent a post-mod-removal crash
[05Mar2025 00:24:14.911] [Server thread/INFO] [com.yellowbrossproductions.illageandspillage.IllageAndSpillage/]: Removed entity.illageandspillage.engineer from Raids to prevent a post-mod-removal crash
[05Mar2025 00:24:14.911] [Server thread/INFO] [com.yellowbrossproductions.illageandspillage.IllageAndSpillage/]: Removed entity.illageandspillage.twittollager from Raids to prevent a post-mod-removal crash
[05Mar2025 00:24:14.911] [Server thread/INFO] [com.yellowbrossproductions.illageandspillage.IllageAndSpillage/]: Removed entity.illageandspillage.magispeller from Raids to prevent a post-mod-removal crash
[05Mar2025 00:24:14.911] [Server thread/INFO] [com.yellowbrossproductions.illageandspillage.IllageAndSpillage/]: Removed entity.illageandspillage.spiritcaller from Raids to prevent a post-mod-removal crash
[05Mar2025 00:24:14.911] [Server thread/INFO] [com.yellowbrossproductions.illageandspillage.IllageAndSpillage/]: Removed entity.illageandspillage.crocofang from Raids to prevent a post-mod-removal crash
[05Mar2025 00:24:14.911] [Server thread/INFO] [com.yellowbrossproductions.illageandspillage.IllageAndSpillage/]: Removed entity.illageandspillage.absorber from Raids to prevent a post-mod-removal crash
[05Mar2025 00:24:14.912] [Server thread/INFO] [com.yellowbrossproductions.illageandspillage.IllageAndSpillage/]: Removed entity.illageandspillage.preserver from Raids to prevent a post-mod-removal crash
[05Mar2025 00:24:14.912] [Server thread/INFO] [com.yellowbrossproductions.illageandspillage.IllageAndSpillage/]: Removed entity.illageandspillage.freakager from Raids to prevent a post-mod-removal crash
[05Mar2025 00:24:14.912] [Server thread/INFO] [com.yellowbrossproductions.illageandspillage.IllageAndSpillage/]: Removed entity.illageandspillage.old_freakager from Raids to prevent a post-mod-removal crash
[05Mar2025 00:24:14.912] [Server thread/INFO] [com.yellowbrossproductions.illageandspillage.IllageAndSpillage/]: Removed entity.illageandspillage.old_magispeller from Raids to prevent a post-mod-removal crash
[05Mar2025 00:24:14.919] [Server thread/INFO] [journeymap/]: Loading JourneyMap Forge Configs
